  egtk.cpp
  egtk_colour.cpp
  egtk_driver.cpp
  egtk_fonts.cpp
  spline.cpp
C:\work\Temp\Temp\Temp\GrpEngine\GrpEngine\Examples\spline.cpp(164,37): warning C4244: '=': conversione da 'int' a 'float'. Possibile perdita di dati.
C:\work\Temp\Temp\Temp\GrpEngine\GrpEngine\Examples\spline.cpp(165,37): warning C4244: '=': conversione da 'int' a 'float'. Possibile perdita di dati.
C:\work\Temp\Temp\Temp\GrpEngine\GrpEngine\Examples\spline.cpp(168,23): warning C4018: '<': errata corrispondenza tra signed e unsigned
C:\work\Temp\Temp\Temp\GrpEngine\GrpEngine\Examples\spline.cpp(182,26): warning C4244: '=': conversione da 'int' a 'float'. Possibile perdita di dati.
C:\work\Temp\Temp\Temp\GrpEngine\GrpEngine\Examples\spline.cpp(183,26): warning C4244: '=': conversione da 'int' a 'float'. Possibile perdita di dati.
C:\work\Temp\Temp\Temp\GrpEngine\GrpEngine\Examples\spline.cpp(217,23): warning C4018: '>=': errata corrispondenza tra signed e unsigned
C:\work\Temp\Temp\Temp\GrpEngine\GrpEngine\Examples\spline.cpp(236,52): warning C4244: '=': conversione da 'int' a 'float'. Possibile perdita di dati.
C:\work\Temp\Temp\Temp\GrpEngine\GrpEngine\Examples\spline.cpp(247,52): warning C4244: '=': conversione da 'int' a 'float'. Possibile perdita di dati.
C:\work\Temp\Temp\Temp\GrpEngine\GrpEngine\Examples\spline.cpp(266,27): warning C4244: 'argomento': conversione da 'float' a 'int16_t'. Possibile perdita di dati.
C:\work\Temp\Temp\Temp\GrpEngine\GrpEngine\Examples\spline.cpp(266,20): warning C4244: 'argomento': conversione da 'float' a 'int16_t'. Possibile perdita di dati.
C:\work\Temp\Temp\Temp\GrpEngine\GrpEngine\Examples\spline.cpp(275,21): warning C4018: '<': errata corrispondenza tra signed e unsigned
C:\work\Temp\Temp\Temp\GrpEngine\GrpEngine\Examples\spline.cpp(277,55): warning C4244: 'argomento': conversione da 'float' a 'int16_t'. Possibile perdita di dati.
C:\work\Temp\Temp\Temp\GrpEngine\GrpEngine\Examples\spline.cpp(277,32): warning C4244: 'argomento': conversione da 'float' a 'int16_t'. Possibile perdita di dati.
C:\work\Temp\Temp\Temp\GrpEngine\GrpEngine\Examples\spline.cpp(280,51): warning C4244: 'argomento': conversione da 'float' a 'int16_t'. Possibile perdita di dati.
C:\work\Temp\Temp\Temp\GrpEngine\GrpEngine\Examples\spline.cpp(280,33): warning C4244: 'argomento': conversione da 'float' a 'int16_t'. Possibile perdita di dati.
C:\work\Temp\Temp\Temp\GrpEngine\GrpEngine\Examples\spline.cpp(281,49): warning C4244: 'argomento': conversione da 'float' a 'int16_t'. Possibile perdita di dati.
C:\work\Temp\Temp\Temp\GrpEngine\GrpEngine\Examples\spline.cpp(281,31): warning C4244: 'argomento': conversione da 'float' a 'int16_t'. Possibile perdita di dati.
C:\work\Temp\Temp\Temp\GrpEngine\GrpEngine\Examples\spline.cpp(289,76): warning C4244: 'argomento': conversione da 'float' a 'int16_t'. Possibile perdita di dati.
C:\work\Temp\Temp\Temp\GrpEngine\GrpEngine\Examples\spline.cpp(289,45): warning C4244: 'argomento': conversione da 'float' a 'int16_t'. Possibile perdita di dati.
C:\work\Temp\Temp\Temp\GrpEngine\GrpEngine\Examples\spline.cpp(290,74): warning C4244: 'argomento': conversione da 'float' a 'int16_t'. Possibile perdita di dati.
C:\work\Temp\Temp\Temp\GrpEngine\GrpEngine\Examples\spline.cpp(290,43): warning C4244: 'argomento': conversione da 'float' a 'int16_t'. Possibile perdita di dati.
C:\work\Temp\Temp\Temp\GrpEngine\GrpEngine\Examples\spline.cpp(365,52): warning C4244: 'argomento': conversione da 'int' a 'float'. Possibile perdita di dati.
  TestLibrary.cpp
  main.cpp
  VSbridge.cpp
  Generazione del codice in corso...
  GrpEngine.vcxproj -> C:\work\Temp\Temp\Temp\GrpEngine\GrpEngine\Debug\GrpEngine.exe
