c:\work\temp\grpengine\grpengine\grpengine\x64\debug\vc142.pdb
c:\work\temp\grpengine\grpengine\grpengine\x64\debug\vc142.idb
c:\work\temp\grpengine\grpengine\grpengine\x64\debug\vsbridge.obj
c:\work\temp\grpengine\grpengine\grpengine\x64\debug\egtk_fonts.obj
c:\work\temp\grpengine\grpengine\grpengine\x64\debug\egtk_driver.obj
c:\work\temp\grpengine\grpengine\grpengine\x64\debug\egtk.obj
c:\work\temp\grpengine\grpengine\grpengine\x64\debug\spline2.obj
c:\work\temp\grpengine\grpengine\grpengine\x64\debug\sphere.obj
c:\work\temp\grpengine\grpengine\grpengine\x64\debug\ballsapp.obj
c:\work\temp\grpengine\grpengine\grpengine\x64\debug\testlibrary.obj
c:\work\temp\grpengine\grpengine\grpengine\x64\debug\egtk_colour.obj
c:\work\temp\grpengine\grpengine\grpengine\x64\debug\3d.obj
c:\work\temp\grpengine\grpengine\x64\debug\grpengine.exe
c:\work\temp\grpengine\grpengine\x64\debug\grpengine.ilk
c:\work\temp\grpengine\grpengine\x64\debug\grpengine.pdb
c:\work\temp\grpengine\grpengine\grpengine\x64\debug\grpengine.res
c:\work\temp\grpengine\grpengine\grpengine\x64\debug\sphere.obj.enc
c:\work\temp\grpengine\grpengine\grpengine\x64\debug\grpengine.tlog\cl.command.1.tlog
c:\work\temp\grpengine\grpengine\grpengine\x64\debug\grpengine.tlog\cl.read.1.tlog
c:\work\temp\grpengine\grpengine\grpengine\x64\debug\grpengine.tlog\cl.write.1.tlog
c:\work\temp\grpengine\grpengine\grpengine\x64\debug\grpengine.tlog\link.command.1.tlog
c:\work\temp\grpengine\grpengine\grpengine\x64\debug\grpengine.tlog\link.read.1.tlog
c:\work\temp\grpengine\grpengine\grpengine\x64\debug\grpengine.tlog\link.write.1.tlog
c:\work\temp\grpengine\grpengine\grpengine\x64\debug\grpengine.tlog\rc.command.1.tlog
c:\work\temp\grpengine\grpengine\grpengine\x64\debug\grpengine.tlog\rc.read.1.tlog
c:\work\temp\grpengine\grpengine\grpengine\x64\debug\grpengine.tlog\rc.write.1.tlog
